0 info it worked if it ends with ok
1 verbose cli [ '/home/cluster/knowledge_graph/node-v6.10.3-linux-x64/bin/node',
1 verbose cli   '/usr/local/bin/npm',
1 verbose cli   'start' ]
2 info using npm@3.10.10
3 info using node@v6.10.3
4 verbose run-script [ 'prestart', 'start', 'poststart' ]
5 info lifecycle mykg@0.0.0~prestart: mykg@0.0.0
6 silly lifecycle mykg@0.0.0~prestart: no script for prestart, continuing
7 info lifecycle mykg@0.0.0~start: mykg@0.0.0
8 verbose lifecycle mykg@0.0.0~start: unsafe-perm in lifecycle true
9 verbose lifecycle mykg@0.0.0~start: PATH: /home/cluster/knowledge_graph/node-v6.10.3-linux-x64/lib/node_modules/npm/bin/node-gyp-bin:/home/cluster/knowledge_graph/source/ZSTP/node_modules/.bin:/home/cluster/knowledge_graph/node-v6.10.3-linux-x64/bin:/opt/jdk1.8.0_45/bin:/usr/local/sbin:/usr/local/bin:/usr/sbin:/usr/bin:/sbin:/bin:/usr/games
10 verbose lifecycle mykg@0.0.0~start: CWD: /home/cluster/knowledge_graph/source/ZSTP
11 silly lifecycle mykg@0.0.0~start: Args: [ '-c', 'node ./bin/www' ]
12 silly lifecycle mykg@0.0.0~start: Returned: code: 1  signal: null
13 info lifecycle mykg@0.0.0~start: Failed to exec start script
14 verbose stack Error: mykg@0.0.0 start: `node ./bin/www`
14 verbose stack Exit status 1
14 verbose stack     at EventEmitter.<anonymous> (/home/cluster/knowledge_graph/node-v6.10.3-linux-x64/lib/node_modules/npm/lib/utils/lifecycle.js:255:16)
14 verbose stack     at emitTwo (events.js:106:13)
14 verbose stack     at EventEmitter.emit (events.js:191:7)
14 verbose stack     at ChildProcess.<anonymous> (/home/cluster/knowledge_graph/node-v6.10.3-linux-x64/lib/node_modules/npm/lib/utils/spawn.js:40:14)
14 verbose stack     at emitTwo (events.js:106:13)
14 verbose stack     at ChildProcess.emit (events.js:191:7)
14 verbose stack     at maybeClose (internal/child_process.js:886:16)
14 verbose stack     at Process.ChildProcess._handle.onexit (internal/child_process.js:226:5)
15 verbose pkgid mykg@0.0.0
16 verbose cwd /home/cluster/knowledge_graph/source/ZSTP
17 error Linux 3.13.0-32-generic
18 error argv "/home/cluster/knowledge_graph/node-v6.10.3-linux-x64/bin/node" "/usr/local/bin/npm" "start"
19 error node v6.10.3
20 error npm  v3.10.10
21 error code ELIFECYCLE
22 error mykg@0.0.0 start: `node ./bin/www`
22 error Exit status 1
23 error Failed at the mykg@0.0.0 start script 'node ./bin/www'.
23 error Make sure you have the latest version of node.js and npm installed.
23 error If you do, this is most likely a problem with the mykg package,
23 error not with npm itself.
23 error Tell the author that this fails on your system:
23 error     node ./bin/www
23 error You can get information on how to open an issue for this project with:
23 error     npm bugs mykg
23 error Or if that isn't available, you can get their info via:
23 error     npm owner ls mykg
23 error There is likely additional logging output above.
24 verbose exit [ 1, true ]
